0 info it worked if it ends with ok
1 verbose cli [ '/Users/cloudcome/.tnvm/versions/alinode/v2.0.2/bin/node',
1 verbose cli   '/Users/cloudcome/.tnvm/versions/alinode/v2.0.2/bin/npm',
1 verbose cli   'pub' ]
2 info using npm@3.10.8
3 info using node@v6.9.1
4 verbose publish [ '.' ]
5 silly cache add args [ '.', null ]
6 verbose cache add spec .
7 silly cache add parsed spec Result {
7 silly cache add   raw: '.',
7 silly cache add   scope: null,
7 silly cache add   escapedName: null,
7 silly cache add   name: null,
7 silly cache add   rawSpec: '.',
7 silly cache add   spec: '/Users/cloudcome/development/github-cooliejs/coolie-cli',
7 silly cache add   type: 'directory' }
8 verbose addLocalDirectory /Users/cloudcome/.npm/coolie/2.0.6/package.tgz not in flight; packing
9 verbose correctMkdir /Users/cloudcome/.npm correctMkdir not in flight; initializing
10 info lifecycle coolie@2.0.6~prepublish: coolie@2.0.6
11 verbose lifecycle coolie@2.0.6~prepublish: unsafe-perm in lifecycle true
12 verbose lifecycle coolie@2.0.6~prepublish: PATH: /Users/cloudcome/.tnvm/versions/alinode/v2.0.2/lib/node_modules/npm/bin/node-gyp-bin:/Users/cloudcome/development/github-cooliejs/coolie-cli/node_modules/.bin:/Users/cloudcome/.tnvm/versions/alinode/v2.0.2/bin:/usr/local/bin:/usr/bin:/bin:/usr/sbin:/sbin
13 verbose lifecycle coolie@2.0.6~prepublish: CWD: /Users/cloudcome/development/github-cooliejs/coolie-cli
14 silly lifecycle coolie@2.0.6~prepublish: Args: [ '-c', 'npm test' ]
15 silly lifecycle coolie@2.0.6~prepublish: Returned: code: 0  signal: null
16 verbose tar pack [ '/Users/cloudcome/.npm/coolie/2.0.6/package.tgz',
16 verbose tar pack   '/Users/cloudcome/development/github-cooliejs/coolie-cli' ]
17 verbose tarball /Users/cloudcome/.npm/coolie/2.0.6/package.tgz
18 verbose folder /Users/cloudcome/development/github-cooliejs/coolie-cli
19 verbose addLocalTarball adding from inside cache /Users/cloudcome/.npm/coolie/2.0.6/package.tgz
20 verbose correctMkdir /Users/cloudcome/.npm correctMkdir not in flight; initializing
21 silly cache afterAdd coolie@2.0.6
22 verbose afterAdd /Users/cloudcome/.npm/coolie/2.0.6/package/package.json not in flight; writing
23 verbose correctMkdir /Users/cloudcome/.npm correctMkdir not in flight; initializing
24 verbose afterAdd /Users/cloudcome/.npm/coolie/2.0.6/package/package.json written
25 silly publish { name: 'coolie',
25 silly publish   version: '2.0.6',
25 silly publish   description: '前端工程构建工具',
25 silly publish   preferGlobal: true,
25 silly publish   bin: { coolie: './bin/coolie' },
25 silly publish   main: 'index.js',
25 silly publish   keywords:
25 silly publish    [ 'cloudcome',
25 silly publish      'ydr.me',
25 silly publish      'javascript',
25 silly publish      'blear',
25 silly publish      'alien',
25 silly publish      'donkey',
25 silly publish      'seajs',
25 silly publish      'Common JS',
25 silly publish      'CMD',
25 silly publish      'CMDJS',
25 silly publish      'AMD',
25 silly publish      'AMDJS',
25 silly publish      'package',
25 silly publish      'module',
25 silly publish      'coolie-cli',
25 silly publish      'coolie.js',
25 silly publish      'coolie',
25 silly publish      'builder',
25 silly publish      'nodejs',
25 silly publish      'node',
25 silly publish      'browerify',
25 silly publish      'webpack',
25 silly publish      'fis',
25 silly publish      'async' ],
25 silly publish   author:
25 silly publish    { name: '#云淡然',
25 silly publish      email: 'cloudcome@163.com',
25 silly publish      url: 'https://ydr.me/' },
25 silly publish   homepage: 'https://coolie.ydr.me/',
25 silly publish   coolie:
25 silly publish    { owner: 'cooliejs',
25 silly publish      'package.json': 'https://raw.githubusercontent.com/cloudcome/coolie/master/package.json',
25 silly publish      book: 'https://coolie.ydr.me/' },
25 silly publish   repository:
25 silly publish    { type: 'git',
25 silly publish      url: 'git+https://github.com/cooliejs/coolie-cli.git' },
25 silly publish   bugs: { url: 'https://github.com/cooliejs/coolie-cli/issues' },
25 silly publish   dependencies:
25 silly publish    { 'adm-zip': '^0.4.7',
25 silly publish      'blear.classes.class': '^1.1.2',
25 silly publish      'blear.classes.events': '^1.0.4',
25 silly publish      'blear.classes.template': '^1.0.28',
25 silly publish      'blear.node.console': '^1.0.3',
25 silly publish      'blear.node.debug': '^1.0.2',
25 silly publish      'blear.node.encryption': '^1.0.1',
25 silly publish      'blear.node.mime': '^1.0.1',
25 silly publish      'blear.node.path': '^1.0.6',
25 silly publish      'blear.node.request': '^1.0.2',
25 silly publish      'blear.polyfills.array': '^1.0.3',
25 silly publish      'blear.polyfills.date': '^1.0.1',
25 silly publish      'blear.polyfills.function': '^1.0.1',
25 silly publish      'blear.polyfills.json': '^1.0.1',
25 silly publish      'blear.polyfills.object': '^1.0.1',
25 silly publish      'blear.polyfills.string': '^1.0.1',
25 silly publish      'blear.polyfills.time': '^1.0.3',
25 silly publish      'blear.utils.access': '^1.0.2',
25 silly publish      'blear.utils.array': '^1.0.6',
25 silly publish      'blear.utils.collection': '^1.0.3',
25 silly publish      'blear.utils.date': '^1.0.2',
25 silly publish      'blear.utils.function': '^1.0.1',
25 silly publish      'blear.utils.json': '^1.0.1',
25 silly publish      'blear.utils.number': '^1.0.1',
25 silly publish      'blear.utils.object': '^1.0.2',
25 silly publish      'blear.utils.path': '^1.0.5',
25 silly publish      'blear.utils.querystring': '^1.0.3',
25 silly publish      'blear.utils.random': '^1.0.1',
25 silly publish      'blear.utils.string': '^1.0.3',
25 silly publish      'blear.utils.time': '^1.0.3',
25 silly publish      'blear.utils.typeis': '^1.0.2',
25 silly publish      'blear.utils.uri': '^1.0.1',
25 silly publish      'blear.utils.url': '^1.0.14',
25 silly publish      'clean-css': '^3.4.6',
25 silly publish      'fs-extra': '^0.26.0',
25 silly publish      glob: '^5.0.15',
25 silly publish      howdo: '^2.0.2',
25 silly publish      open: '0.0.5',
25 silly publish      'uglify-js': '^2.6.2',
25 silly publish      'ydr-utils': '^42.2.22' },
25 silly publish   scripts:
25 silly publish    { test: 'node node_modules/mocha/bin/mocha -c --recursive -t 0 --ui bdd test/**/test.*.js',
25 silly publish      test2: 'node node_modules/mocha/bin/mocha -c --recursive -t 0 --ui bdd test/utils/test.git-repo.js',
25 silly publish      prepublish: 'npm test' },
25 silly publish   license: 'MIT',
25 silly publish   devDependencies: { mocha: '^2.3.3' },
25 silly publish   readme: '# coolie-cli\n\n[![Build Status][travis-img]][travis-url] \n[![coolie][shields-img]][shields-url]\n\n[travis-img]: https://travis-ci.org/cooliejs/coolie-cli.svg?branch=master\n[travis-url]: https://travis-ci.org/cooliejs/coolie-cli\n[shields-img]: https://img.shields.io/npm/v/coolie.svg\n[shields-url]: https://www.npmjs.com/package/coolie\n\n__The front-end development builder.__\n\n__前端开发构建工具。__配合[coolie.js](https://github.com/cooliejs/coolie.js)（前端模块加载器）完成前端工程化构建。\n\n\n- coolie 官方指南 <https://coolie.ydr.me/>\n- 社区 <http://FrontEndDev.org/>\n',
25 silly publish   readmeFilename: 'readme.md',
25 silly publish   gitHead: '642bbf852c4f76a24923014eff6ff1b30f73e217',
25 silly publish   _id: 'coolie@2.0.6',
25 silly publish   _shasum: '115576fb0a15dd062ee86d5552a0a4fc5237770b',
25 silly publish   _from: '.' }
26 verbose getPublishConfig undefined
27 silly mapToRegistry name coolie
28 silly mapToRegistry using default registry
29 silly mapToRegistry registry https://registry.npmjs.org/
30 silly mapToRegistry data Result {
30 silly mapToRegistry   raw: 'coolie',
30 silly mapToRegistry   scope: null,
30 silly mapToRegistry   escapedName: 'coolie',
30 silly mapToRegistry   name: 'coolie',
30 silly mapToRegistry   rawSpec: '',
30 silly mapToRegistry   spec: 'latest',
30 silly mapToRegistry   type: 'tag' }
31 silly mapToRegistry uri https://registry.npmjs.org/coolie
32 verbose publish registryBase https://registry.npmjs.org/
33 silly publish uploading /Users/cloudcome/.npm/coolie/2.0.6/package.tgz
34 verbose request uri https://registry.npmjs.org/coolie
35 verbose request sending authorization for write operation
36 info attempt registry request try #1 at 3:16:01 PM
37 verbose request using bearer token for auth
38 verbose request id c8adf0666740ebf9
39 http request PUT https://registry.npmjs.org/coolie
40 http 403 https://registry.npmjs.org/coolie
41 verbose headers { 'content-type': 'application/json',
41 verbose headers   'cache-control': 'max-age=300',
41 verbose headers   'content-length': '95',
41 verbose headers   'accept-ranges': 'bytes',
41 verbose headers   date: 'Fri, 25 Nov 2016 07:16:31 GMT',
41 verbose headers   via: '1.1 varnish',
41 verbose headers   connection: 'keep-alive',
41 verbose headers   'x-served-by': 'cache-lcy1121-LCY',
41 verbose headers   'x-cache': 'MISS',
41 verbose headers   'x-cache-hits': '0',
41 verbose headers   'x-timer': 'S1480058168.303326,VS0,VE23591',
41 verbose headers   vary: 'Accept-Encoding' }
42 verbose request invalidating /Users/cloudcome/.npm/registry.npmjs.org/coolie on PUT
43 error publish Failed PUT 403
44 verbose stack Error: "You cannot publish over the previously published version 2.0.6." : coolie
44 verbose stack     at makeError (/Users/cloudcome/.tnvm/versions/alinode/v2.0.2/lib/node_modules/npm/node_modules/npm-registry-client/lib/request.js:302:12)
44 verbose stack     at CachingRegistryClient.<anonymous> (/Users/cloudcome/.tnvm/versions/alinode/v2.0.2/lib/node_modules/npm/node_modules/npm-registry-client/lib/request.js:290:14)
44 verbose stack     at Request._callback (/Users/cloudcome/.tnvm/versions/alinode/v2.0.2/lib/node_modules/npm/node_modules/npm-registry-client/lib/request.js:210:14)
44 verbose stack     at Request.self.callback (/Users/cloudcome/.tnvm/versions/alinode/v2.0.2/lib/node_modules/npm/node_modules/request/request.js:187:22)
44 verbose stack     at emitTwo (events.js:106:13)
44 verbose stack     at Request.emit (events.js:191:7)
44 verbose stack     at Request.<anonymous> (/Users/cloudcome/.tnvm/versions/alinode/v2.0.2/lib/node_modules/npm/node_modules/request/request.js:1044:10)
44 verbose stack     at emitOne (events.js:96:13)
44 verbose stack     at Request.emit (events.js:188:7)
44 verbose stack     at IncomingMessage.<anonymous> (/Users/cloudcome/.tnvm/versions/alinode/v2.0.2/lib/node_modules/npm/node_modules/request/request.js:965:12)
45 verbose statusCode 403
46 verbose pkgid coolie
47 verbose cwd /Users/cloudcome/development/github-cooliejs/coolie-cli
48 error Darwin 16.1.0
49 error argv "/Users/cloudcome/.tnvm/versions/alinode/v2.0.2/bin/node" "/Users/cloudcome/.tnvm/versions/alinode/v2.0.2/bin/npm" "pub"
50 error node v6.9.1
51 error npm  v3.10.8
52 error code E403
53 error "You cannot publish over the previously published version 2.0.6." : coolie
54 error If you need help, you may report this error at:
54 error     <https://github.com/npm/npm/issues>
55 verbose exit [ 1, true ]
